<?xml version='1.0' encoding='UTF-8' ?>
<testsuite tests="0" failures="0" errors="0" skipped="0" time="1.67119771354E9" timestamp="2022-12-16T13:35:13" hostname="localhost">
  <properties>
    <property name="device" value="vivo 1713 - 7.0" />
    <property name="flavor" value="" />
    <property name="project" value=":app" />
  </properties>
</testsuite>